This is pdfTeX, Version 3.141592653-2.6-1.40.24 (MiKTeX 22.7) (preloaded format=pdflatex 2022.9.27)  13 NOV 2023 16:03
entering extended mode
 restricted \write18 enabled.
 %&-line parsing enabled.
**./KonzultacijeCAD.tex
(KonzultacijeCAD.tex
LaTeX2e <2022-06-01> patch level 5
L3 programming layer <2022-07-04>
(C:\Users\spyro\AppData\Local\Programs\MiKTeX\tex/latex/base\article.cls
Document Class: article 2021/10/04 v1.4n Standard LaTeX document class
(C:\Users\spyro\AppData\Local\Programs\MiKTeX\tex/latex/base\size10.clo
File: size10.clo 2021/10/04 v1.4n Standard LaTeX file (size option)
)
\c@part=\count185
\c@section=\count186
\c@subsection=\count187
\c@subsubsection=\count188
\c@paragraph=\count189
\c@subparagraph=\count190
\c@figure=\count191
\c@table=\count192
\abovecaptionskip=\skip47
\belowcaptionskip=\skip48
\bibindent=\dimen138
)
(C:\Users\spyro\AppData\Local\Programs\MiKTeX\tex/latex/tocbibind\tocbibind.sty
Package: tocbibind 2010/10/13 v1.5k extra ToC listings
Package tocbibind Info: The document has section divisions on input line 50.

Package tocbibind Note: Using section or other style headings.

) (C:\Users\spyro\AppData\Local\Programs\MiKTeX\tex/generic/babel\babel.sty
Package: babel 2022/06/26 3.77 The Babel package
\babel@savecnt=\count193
\U@D=\dimen139
\l@unhyphenated=\language79

(C:\Users\spyro\AppData\Local\Programs\MiKTeX\tex/generic/babel\txtbabel.def)
\bbl@readstream=\read2
\bbl@dirlevel=\count194

*************************************
* Local config file bblopts.cfg used
*
(C:\Users\spyro\AppData\Local\Programs\MiKTeX\tex/latex/arabi\bblopts.cfg
File: bblopts.cfg 2005/09/08 v0.1 add Arabic and Farsi to "declared" options of
 babel
)
(C:\Users\spyro\AppData\Local\Programs\MiKTeX\tex/latex/babel-slovenian\slovene
.ldf
Language: slovene 2021/02/06 v1.2n Slovene support from the babel system
Package babel Info: Making " an active character on input line 79.
))
(C:\Users\spyro\AppData\Local\Programs\MiKTeX\tex/generic/babel/locale/sl\babel
-slovene.tex
Package babel Info: Importing font and identification data for slovene
(babel)             from babel-sl.ini. Reported on input line 11.
)
(C:\Users\spyro\AppData\Local\Programs\MiKTeX\tex/latex/base\inputenc.sty
Package: inputenc 2021/02/14 v1.3d Input encoding file
\inpenc@prehook=\toks16
\inpenc@posthook=\toks17
)
(C:\Users\spyro\AppData\Local\Programs\MiKTeX\tex/latex/graphics\graphicx.sty
Package: graphicx 2021/09/16 v1.2d Enhanced LaTeX Graphics (DPC,SPQR)

(C:\Users\spyro\AppData\Local\Programs\MiKTeX\tex/latex/graphics\keyval.sty
Package: keyval 2022/05/29 v1.15 key=value parser (DPC)
\KV@toks@=\toks18
)
(C:\Users\spyro\AppData\Local\Programs\MiKTeX\tex/latex/graphics\graphics.sty
Package: graphics 2022/03/10 v1.4e Standard LaTeX Graphics (DPC,SPQR)

(C:\Users\spyro\AppData\Local\Programs\MiKTeX\tex/latex/graphics\trig.sty
Package: trig 2021/08/11 v1.11 sin cos tan (DPC)
)
(C:\Users\spyro\AppData\Local\Programs\MiKTeX\tex/latex/graphics-cfg\graphics.c
fg
File: graphics.cfg 2016/06/04 v1.11 sample graphics configuration
)
Package graphics Info: Driver file: pdftex.def on input line 107.

(C:\Users\spyro\AppData\Local\Programs\MiKTeX\tex/latex/graphics-def\pdftex.def
File: pdftex.def 2020/10/05 v1.2a Graphics/color driver for pdftex
))
\Gin@req@height=\dimen140
\Gin@req@width=\dimen141
)
(C:\Users\spyro\AppData\Local\Programs\MiKTeX\tex/latex/caption\subcaption.sty
Package: subcaption 2022/01/07 v1.5 Sub-captions (AR)

(C:\Users\spyro\AppData\Local\Programs\MiKTeX\tex/latex/caption\caption.sty
Package: caption 2022/03/01 v3.6b Customizing captions (AR)

(C:\Users\spyro\AppData\Local\Programs\MiKTeX\tex/latex/caption\caption3.sty
Package: caption3 2022/03/17 v2.3b caption3 kernel (AR)
\caption@tempdima=\dimen142
\captionmargin=\dimen143
\caption@leftmargin=\dimen144
\caption@rightmargin=\dimen145
\caption@width=\dimen146
\caption@indent=\dimen147
\caption@parindent=\dimen148
\caption@hangindent=\dimen149
Package caption Info: Standard document class detected.
)
\c@caption@flags=\count195
\c@continuedfloat=\count196
)
\c@subfigure=\count197
\c@subtable=\count198
) (C:\Users\spyro\AppData\Local\Programs\MiKTeX\tex/latex/geometry\geometry.sty
Package: geometry 2020/01/02 v5.9 Page Geometry

(C:\Users\spyro\AppData\Local\Programs\MiKTeX\tex/generic/iftex\ifvtex.sty
Package: ifvtex 2019/10/25 v1.7 ifvtex legacy package. Use iftex instead.

(C:\Users\spyro\AppData\Local\Programs\MiKTeX\tex/generic/iftex\iftex.sty
Package: iftex 2022/02/03 v1.0f TeX engine tests
))
\Gm@cnth=\count199
\Gm@cntv=\count266
\c@Gm@tempcnt=\count267
\Gm@bindingoffset=\dimen150
\Gm@wd@mp=\dimen151
\Gm@odd@mp=\dimen152
\Gm@even@mp=\dimen153
\Gm@layoutwidth=\dimen154
\Gm@layoutheight=\dimen155
\Gm@layouthoffset=\dimen156
\Gm@layoutvoffset=\dimen157
\Gm@dimlist=\toks19

(C:\Users\spyro\AppData\Local\Programs\MiKTeX\tex/latex/geometry\geometry.cfg))
(C:\Users\spyro\AppData\Local\Programs\MiKTeX\tex/latex/amsfonts\amssymb.sty
Package: amssymb 2013/01/14 v3.01 AMS font symbols

(C:\Users\spyro\AppData\Local\Programs\MiKTeX\tex/latex/amsfonts\amsfonts.sty
Package: amsfonts 2013/01/14 v3.01 Basic AMSFonts support
\@emptytoks=\toks20
\symAMSa=\mathgroup4
\symAMSb=\mathgroup5
LaTeX Font Info:    Redeclaring math symbol \hbar on input line 98.
LaTeX Font Info:    Overwriting math alphabet `\mathfrak' in version `bold'
(Font)                  U/euf/m/n --> U/euf/b/n on input line 106.
)) (C:\Users\spyro\AppData\Local\Programs\MiKTeX\tex/latex/float\float.sty
Package: float 2001/11/08 v1.3d Float enhancements (AL)
\c@float@type=\count268
\float@exts=\toks21
\float@box=\box51
\@float@everytoks=\toks22
\@floatcapt=\box52
)
(C:\Users\spyro\AppData\Local\Programs\MiKTeX\tex/latex/wrapfig\wrapfig.sty
\wrapoverhang=\dimen158
\WF@size=\dimen159
\c@WF@wrappedlines=\count269
\WF@box=\box53
\WF@everypar=\toks23
Package: wrapfig 2003/01/31  v 3.6
)
(C:\Users\spyro\AppData\Local\Programs\MiKTeX\tex/latex/romannum\romannum.sty
Package: romannum 2009/09/03 v1.0b roman numerals

(C:\Users\spyro\AppData\Local\Programs\MiKTeX\tex/latex/stdclsdv\stdclsdv.sty
Package: stdclsdv 2009/09/04 v1.1a Sectional divisions
)) (C:\Users\spyro\AppData\Local\Programs\MiKTeX\tex/latex/physics\physics.sty
Package: physics 

(C:\Users\spyro\AppData\Local\Programs\MiKTeX\tex/latex/l3packages/xparse\xpars
e.sty
(C:\Users\spyro\AppData\Local\Programs\MiKTeX\tex/latex/l3kernel\expl3.sty
Package: expl3 2022-07-04 L3 programming layer (loader) 

(C:\Users\spyro\AppData\Local\Programs\MiKTeX\tex/latex/l3backend\l3backend-pdf
tex.def
File: l3backend-pdftex.def 2022-07-01 L3 backend support: PDF output (pdfTeX)
\l__color_backend_stack_int=\count270
\l__pdf_internal_box=\box54
))
Package: xparse 2022-06-22 L3 Experimental document command parser
)
(C:\Users\spyro\AppData\Local\Programs\MiKTeX\tex/latex/amsmath\amsmath.sty
Package: amsmath 2022/04/08 v2.17n AMS math features
\@mathmargin=\skip49

For additional information on amsmath, use the `?' option.
(C:\Users\spyro\AppData\Local\Programs\MiKTeX\tex/latex/amsmath\amstext.sty
Package: amstext 2021/08/26 v2.01 AMS text

(C:\Users\spyro\AppData\Local\Programs\MiKTeX\tex/latex/amsmath\amsgen.sty
File: amsgen.sty 1999/11/30 v2.0 generic functions
\@emptytoks=\toks24
\ex@=\dimen160
))
(C:\Users\spyro\AppData\Local\Programs\MiKTeX\tex/latex/amsmath\amsbsy.sty
Package: amsbsy 1999/11/29 v1.2d Bold Symbols
\pmbraise@=\dimen161
)
(C:\Users\spyro\AppData\Local\Programs\MiKTeX\tex/latex/amsmath\amsopn.sty
Package: amsopn 2022/04/08 v2.04 operator names
)
\inf@bad=\count271
LaTeX Info: Redefining \frac on input line 234.
\uproot@=\count272
\leftroot@=\count273
LaTeX Info: Redefining \overline on input line 399.
LaTeX Info: Redefining \colon on input line 410.
\classnum@=\count274
\DOTSCASE@=\count275
LaTeX Info: Redefining \ldots on input line 496.
LaTeX Info: Redefining \dots on input line 499.
LaTeX Info: Redefining \cdots on input line 620.
\Mathstrutbox@=\box55
\strutbox@=\box56
LaTeX Info: Redefining \big on input line 722.
LaTeX Info: Redefining \Big on input line 723.
LaTeX Info: Redefining \bigg on input line 724.
LaTeX Info: Redefining \Bigg on input line 725.
\big@size=\dimen162
LaTeX Font Info:    Redeclaring font encoding OML on input line 743.
LaTeX Font Info:    Redeclaring font encoding OMS on input line 744.
\macc@depth=\count276
LaTeX Info: Redefining \bmod on input line 905.
LaTeX Info: Redefining \pmod on input line 910.
LaTeX Info: Redefining \smash on input line 940.
LaTeX Info: Redefining \relbar on input line 970.
LaTeX Info: Redefining \Relbar on input line 971.
\c@MaxMatrixCols=\count277
\dotsspace@=\muskip16
\c@parentequation=\count278
\dspbrk@lvl=\count279
\tag@help=\toks25
\row@=\count280
\column@=\count281
\maxfields@=\count282
\andhelp@=\toks26
\eqnshift@=\dimen163
\alignsep@=\dimen164
\tagshift@=\dimen165
\tagwidth@=\dimen166
\totwidth@=\dimen167
\lineht@=\dimen168
\@envbody=\toks27
\multlinegap=\skip50
\multlinetaggap=\skip51
\mathdisplay@stack=\toks28
LaTeX Info: Redefining \[ on input line 2953.
LaTeX Info: Redefining \] on input line 2954.
))
(C:\Users\spyro\AppData\Local\Programs\MiKTeX\tex/latex/amscls\amsthm.sty
Package: amsthm 2020/05/29 v2.20.6
\thm@style=\toks29
\thm@bodyfont=\toks30
\thm@headfont=\toks31
\thm@notefont=\toks32
\thm@headpunct=\toks33
\thm@preskip=\skip52
\thm@postskip=\skip53
\thm@headsep=\skip54
\dth@everypar=\toks34
)
(C:\Users\spyro\AppData\Local\Programs\MiKTeX\tex/latex/tools\bm.sty
Package: bm 2021/04/25 v1.2e Bold Symbol Support (DPC/FMi)
\symboldoperators=\mathgroup6
\symboldletters=\mathgroup7
\symboldsymbols=\mathgroup8
Package bm Info: No bold for \OMX/cmex/m/n, using \pmb.
Package bm Info: No bold for \U/msa/m/n, using \pmb.
Package bm Info: No bold for \U/msb/m/n, using \pmb.
LaTeX Font Info:    Redeclaring math alphabet \mathbf on input line 149.
)
No file KonzultacijeCAD.aux.
\openout1 = `KonzultacijeCAD.aux'.

LaTeX Font Info:    Checking defaults for OML/cmm/m/it on input line 20.
LaTeX Font Info:    ... okay on input line 20.
LaTeX Font Info:    Checking defaults for OMS/cmsy/m/n on input line 20.
LaTeX Font Info:    ... okay on input line 20.
LaTeX Font Info:    Checking defaults for OT1/cmr/m/n on input line 20.
LaTeX Font Info:    ... okay on input line 20.
LaTeX Font Info:    Checking defaults for T1/cmr/m/n on input line 20.
LaTeX Font Info:    ... okay on input line 20.
LaTeX Font Info:    Checking defaults for TS1/cmr/m/n on input line 20.
LaTeX Font Info:    ... okay on input line 20.
LaTeX Font Info:    Checking defaults for OMX/cmex/m/n on input line 20.
LaTeX Font Info:    ... okay on input line 20.
LaTeX Font Info:    Checking defaults for U/cmr/m/n on input line 20.
LaTeX Font Info:    ... okay on input line 20.

(C:\Users\spyro\AppData\Local\Programs\MiKTeX\tex/context/base/mkii\supp-pdf.mk
ii
[Loading MPS to PDF converter (version 2006.09.02).]
\scratchcounter=\count283
\scratchdimen=\dimen169
\scratchbox=\box57
\nofMPsegments=\count284
\nofMParguments=\count285
\everyMPshowfont=\toks35
\MPscratchCnt=\count286
\MPscratchDim=\dimen170
\MPnumerator=\count287
\makeMPintoPDFobject=\count288
\everyMPtoPDFconversion=\toks36
)
(C:\Users\spyro\AppData\Local\Programs\MiKTeX\tex/latex/epstopdf-pkg\epstopdf-b
ase.sty
Package: epstopdf-base 2020-01-24 v2.11 Base part for package epstopdf
Package epstopdf-base Info: Redefining graphics rule for `.eps' on input line 4
85.

(C:\Users\spyro\AppData\Local\Programs\MiKTeX\tex/latex/00miktex\epstopdf-sys.c
fg
File: epstopdf-sys.cfg 2021/03/18 v2.0 Configuration of epstopdf for MiKTeX
))
Package caption Info: Begin \AtBeginDocument code.
Package caption Info: float package is loaded.
Package caption Info: wrapfig package is loaded.
Package caption Info: End \AtBeginDocument code.

*geometry* driver: auto-detecting
*geometry* detected driver: pdftex
*geometry* verbose mode - [ preamble ] result:
* driver: pdftex
* paper: <default>
* layout: <same size as paper>
* layoutoffset:(h,v)=(0.0pt,0.0pt)
* modes: 
* h-part:(L,W,R)=(72.26999pt, 469.75502pt, 72.26999pt)
* v-part:(T,H,B)=(72.26999pt, 650.43001pt, 72.26999pt)
* \paperwidth=614.295pt
* \paperheight=794.96999pt
* \textwidth=469.75502pt
* \textheight=650.43001pt
* \oddsidemargin=0.0pt
* \evensidemargin=0.0pt
* \topmargin=-37.0pt
* \headheight=12.0pt
* \headsep=25.0pt
* \topskip=10.0pt
* \footskip=30.0pt
* \marginparwidth=65.0pt
* \marginparsep=11.0pt
* \columnsep=10.0pt
* \skip\footins=9.0pt plus 4.0pt minus 2.0pt
* \hoffset=0.0pt
* \voffset=0.0pt
* \mag=1000
* \@twocolumnfalse
* \@twosidefalse
* \@mparswitchfalse
* \@reversemarginfalse
* (1in=72.27pt=25.4mm, 1cm=28.453pt)

<slike/logo.pdf, id=1, 220.32242pt x 141.12093pt>
File: slike/logo.pdf Graphic file (type pdf)
<use slike/logo.pdf>
Package pdftex.def Info: slike/logo.pdf  used on input line 26.
(pdftex.def)             Requested size: 187.89914pt x 120.35817pt.
[1

{C:/Users/spyro/AppData/Local/MiKTeX/fonts/map/pdftex/pdftex.map} <./slike/logo
.pdf>]

LaTeX Warning: Citation `iso1' on page 1 undefined on input line 56.


LaTeX Warning: Citation `iso2' on page 1 undefined on input line 56.


LaTeX Warning: Citation `pres' on page 1 undefined on input line 56.

LaTeX Font Info:    Trying to load font information for U+msa on input line 61.

(C:\Users\spyro\AppData\Local\Programs\MiKTeX\tex/latex/amsfonts\umsa.fd
File: umsa.fd 2013/01/14 v3.01 AMS symbols A
)
LaTeX Font Info:    Trying to load font information for U+msb on input line 61.


(C:\Users\spyro\AppData\Local\Programs\MiKTeX\tex/latex/amsfonts\umsb.fd
File: umsb.fd 2013/01/14 v3.01 AMS symbols B
)

LaTeX Warning: Citation `stabilnost' on page 1 undefined on input line 71.


Underfull \hbox (badness 10000) in paragraph at lines 79--84

 []


LaTeX Warning: Reference `fig:bezier' on page 1 undefined on input line 92.

<Slike/Bezier.png, id=26, 1100.31075pt x 412.54124pt>
File: Slike/Bezier.png Graphic file (type png)
<use Slike/Bezier.png>
Package pdftex.def Info: Slike/Bezier.png  used on input line 97.
(pdftex.def)             Requested size: 375.80544pt x 140.90424pt.
[1]
Underfull \hbox (badness 10000) in paragraph at lines 107--114

 []

[2 <./Slike/Bezier.png>]

LaTeX Warning: Citation `iso1' on page 3 undefined on input line 155.

[3]
Underfull \hbox (badness 10000) in paragraph at lines 175--179

 []


Underfull \hbox (badness 10000) in paragraph at lines 183--187

 []


Overfull \hbox (2.85707pt too wide) in paragraph at lines 192--196
\OT1/cmr/m/n/10 Prva po-goja pri-po-mo-reta k sta-bil-no-sti brez-mre^^Tznih me
-tod, tre-tji pa je po-tre-ben, ^^Tce ^^Tzelimo na-tan^^Tcno upo^^Tstevati
 []


Underfull \hbox (badness 10000) in paragraph at lines 192--196

 []


LaTeX Warning: Citation `inrs' on page 4 undefined on input line 197.


Underfull \hbox (badness 10000) in paragraph at lines 197--202

 []


Underfull \hbox (badness 10000) in paragraph at lines 203--207

 []

[4]

LaTeX Warning: Reference `fig:pokritje' on page 5 undefined on input line 232.

<Slike/inRS_pokritje.png, id=52, 970.12437pt x 286.57062pt>
File: Slike/inRS_pokritje.png Graphic file (type png)
<use Slike/inRS_pokritje.png>
Package pdftex.def Info: Slike/inRS_pokritje.png  used on input line 236.
(pdftex.def)             Requested size: 375.80544pt x 111.01436pt.

Underfull \hbox (badness 10000) in paragraph at lines 241--248

 []

[5 <./Slike/inRS_pokritje.png>]

LaTeX Warning: Reference `fig:pokritjeFino' on page 6 undefined on input line 2
66.

<Slike/inRS_pokritje_fino.png, id=58, 885.3075pt x 252.945pt>
File: Slike/inRS_pokritje_fino.png Graphic file (type png)
<use Slike/inRS_pokritje_fino.png>
Package pdftex.def Info: Slike/inRS_pokritje_fino.png  used on input line 270.
(pdftex.def)             Requested size: 375.80544pt x 107.37476pt.

Underfull \hbox (badness 10000) in paragraph at lines 262--274

 []


LaTeX Warning: Reference `fig:inRSrezultat' on page 6 undefined on input line 2
77.

<Slike/inRS_rezultat.png, id=59, 921.4425pt x 285.065pt>
File: Slike/inRS_rezultat.png Graphic file (type png)
<use Slike/inRS_rezultat.png>
Package pdftex.def Info: Slike/inRS_rezultat.png  used on input line 281.
(pdftex.def)             Requested size: 375.80544pt x 116.25974pt.
[6 <./Slike/inRS_pokritje_fino.png> <./Slike/inRS_rezultat.png>]

LaTeX Warning: Citation `divg' on page 7 undefined on input line 294.


Underfull \hbox (badness 10000) in paragraph at lines 294--298

 []


LaTeX Warning: Reference `fig:divg' on page 7 undefined on input line 299.

<Slike/divg.png, id=66, 977.15062pt x 221.32687pt>
File: Slike/divg.png Graphic file (type png)
<use Slike/divg.png>
Package pdftex.def Info: Slike/divg.png  used on input line 304.
(pdftex.def)             Requested size: 375.80544pt x 85.1216pt.

Underfull \hbox (badness 10000) in paragraph at lines 309--313

 []


LaTeX Warning: Citation `sdivg' on page 7 undefined on input line 315.


Underfull \hbox (badness 10000) in paragraph at lines 315--319

 []

[7 <./Slike/divg.png>]

LaTeX Warning: Reference `fig:sdivg' on page 8 undefined on input line 328.

<Slike/sdivg.png, id=72, 733.23938pt x 344.78813pt>
File: Slike/sdivg.png Graphic file (type png)
<use Slike/sdivg.png>
Package pdftex.def Info: Slike/sdivg.png  used on input line 332.
(pdftex.def)             Requested size: 375.80544pt x 176.71294pt.

LaTeX Warning: Reference `fig:sdivgRoman' on page 8 undefined on input line 337
.

<Slike/sdivgRoman.png, id=73, 650.93187pt x 305.64188pt>
File: Slike/sdivgRoman.png Graphic file (type png)
<use Slike/sdivgRoman.png>
Package pdftex.def Info: Slike/sdivgRoman.png  used on input line 341.
(pdftex.def)             Requested size: 375.80544pt x 176.4609pt.
[8 <./Slike/sdivg.png>]

LaTeX Warning: Citation `nurbsdivg' on page 9 undefined on input line 348.


LaTeX Warning: Reference `fig:nurbsmultipatch' on page 9 undefined on input lin
e 350.

<Slike/nurbsmultipatch.png, id=79, 715.17188pt x 191.21437pt>
File: Slike/nurbsmultipatch.png Graphic file (type png)
<use Slike/nurbsmultipatch.png>
Package pdftex.def Info: Slike/nurbsmultipatch.png  used on input line 354.
(pdftex.def)             Requested size: 375.80544pt x 100.47949pt.

Underfull \hbox (badness 10000) in paragraph at lines 359--363

 []


LaTeX Warning: Reference `fig:supersampling' on page 9 undefined on input line 
366.

<Slike/supersampling1.png, id=80, 436.63126pt x 363.15675pt>
File: Slike/supersampling1.png Graphic file (type png)
<use Slike/supersampling1.png>
Package pdftex.def Info: Slike/supersampling1.png  used on input line 370.
(pdftex.def)             Requested size: 225.4804pt x 187.53484pt.
<Slike/supersampling2.png, id=81, 440.24475pt x 359.54324pt>
File: Slike/supersampling2.png Graphic file (type png)
<use Slike/supersampling2.png>
Package pdftex.def Info: Slike/supersampling2.png  used on input line 373.
(pdftex.def)             Requested size: 225.4804pt x 184.14914pt.
[9 <./Slike/sdivgRoman.png> <./Slike/nurbsmultipatch.png>]

LaTeX Warning: Reference `fig:primeri' on page 10 undefined on input line 379.


LaTeX Warning: Reference `fig:cog' on page 10 undefined on input line 379.


LaTeX Warning: Reference `fig:geko' on page 10 undefined on input line 379.

<Slike/primeri.png, id=87, 708.6475pt x 405.01312pt>
File: Slike/primeri.png Graphic file (type png)
<use Slike/primeri.png>
Package pdftex.def Info: Slike/primeri.png  used on input line 383.
(pdftex.def)             Requested size: 375.80544pt x 214.7857pt.
<Slike/cog.png, id=88, 691.58376pt x 313.67188pt>
File: Slike/cog.png Graphic file (type png)
<use Slike/cog.png>
Package pdftex.def Info: Slike/cog.png  used on input line 392.
(pdftex.def)             Requested size: 281.85587pt x 127.84048pt.
[10 <./Slike/supersampling1.png> <./Slike/supersampling2.png> <./Slike/primeri.
png>]
<Slike/geko.png, id=95, 1087.09294pt x 744.76137pt>
File: Slike/geko.png Graphic file (type png)
<use Slike/geko.png>
Package pdftex.def Info: Slike/geko.png  used on input line 401.
(pdftex.def)             Requested size: 234.8775pt x 160.9047pt.
 [11 <./Slike/cog.png> <./Slike/geko.png (PNG copy)>]

LaTeX Warning: Reference `permanence' on page 12 undefined on input line 466.

[12] [13] (KonzultacijeCAD.aux)

LaTeX Warning: There were undefined references.


LaTeX Warning: Label(s) may have changed. Rerun to get cross-references right.

 ) 
Here is how much of TeX's memory you used:
 6937 strings out of 478338
 114246 string characters out of 2836700
 438347 words of memory out of 3000000
 25255 multiletter control sequences out of 15000+600000
 480815 words of font info for 70 fonts, out of 8000000 for 9000
 1141 hyphenation exceptions out of 8191
 72i,16n,77p,922b,402s stack positions out of 10000i,1000n,20000p,200000b,80000s
 <C:\Users\spyro\AppData\Local\MiKTeX\fonts/pk/ljfour/jknappen/ec/dpi600\tcrm
1000.pk><C:/Users/spyro/AppData/Local/Programs/MiKTeX/fonts/type1/public/amsfon
ts/cm/cmbx10.pfb><C:/Users/spyro/AppData/Local/Programs/MiKTeX/fonts/type1/publ
ic/amsfonts/cm/cmbx12.pfb><C:/Users/spyro/AppData/Local/Programs/MiKTeX/fonts/t
ype1/public/amsfonts/cm/cmex10.pfb><C:/Users/spyro/AppData/Local/Programs/MiKTe
X/fonts/type1/public/amsfonts/cm/cmmi10.pfb><C:/Users/spyro/AppData/Local/Progr
ams/MiKTeX/fonts/type1/public/amsfonts/cm/cmmi5.pfb><C:/Users/spyro/AppData/Loc
al/Programs/MiKTeX/fonts/type1/public/amsfonts/cm/cmmi7.pfb><C:/Users/spyro/App
Data/Local/Programs/MiKTeX/fonts/type1/public/amsfonts/cm/cmmi8.pfb><C:/Users/s
pyro/AppData/Local/Programs/MiKTeX/fonts/type1/public/amsfonts/cm/cmmib10.pfb><
C:/Users/spyro/AppData/Local/Programs/MiKTeX/fonts/type1/public/amsfonts/cm/cmr
10.pfb><C:/Users/spyro/AppData/Local/Programs/MiKTeX/fonts/type1/public/amsfont
s/cm/cmr12.pfb><C:/Users/spyro/AppData/Local/Programs/MiKTeX/fonts/type1/public
/amsfonts/cm/cmr6.pfb><C:/Users/spyro/AppData/Local/Programs/MiKTeX/fonts/type1
/public/amsfonts/cm/cmr7.pfb><C:/Users/spyro/AppData/Local/Programs/MiKTeX/font
s/type1/public/amsfonts/cm/cmr8.pfb><C:/Users/spyro/AppData/Local/Programs/MiKT
eX/fonts/type1/public/amsfonts/cm/cmsy10.pfb><C:/Users/spyro/AppData/Local/Prog
rams/MiKTeX/fonts/type1/public/amsfonts/cm/cmsy7.pfb><C:/Users/spyro/AppData/Lo
cal/Programs/MiKTeX/fonts/type1/public/amsfonts/symbols/msbm10.pfb>
Output written on KonzultacijeCAD.pdf (14 pages, 2454154 bytes).
PDF statistics:
 177 PDF objects out of 1000 (max. 8388607)
 0 named destinations out of 1000 (max. 500000)
 71 words of extra memory for PDF output out of 10000 (max. 10000000)

